asociar_ruta_transporte_agencia.php
{"response":false,"msg":"Se enviaron campos vacios","data":[]}
asociar_ruta_transporte_agencia.php
{"response":false,"msg":"Se enviaron campos vacios","data":[]}
asociar_ruta_transporte_agencia.php
123
{"response":true,"msg":"","data":{"id_agencia":"1","nombre_agencia":"Avior","rif":"J-123456789","telefono_1":"04245555555","telefono_2":"04249999999"}}
asociar_ruta_transporte_agencia.php
{"response":false,"msg":"Se enviaron campos vacios","data":[]}
asociar_ruta_transporte_agencia.php
{"response":false,"msg":"Se enviaron campos vacios","data":[]}
asociar_ruta_transporte_agencia.php
{"response":false,"msg":"Se enviaron campos vacios","data":[]}
asociar_ruta_transporte_agencia.php
{"response":false,"msg":"Se enviaron campos vacios","data":[]}
asociar_ruta_transporte_agencia.php
{"response":false,"msg":"Se enviaron campos vacios","data":[]}
asociar_ruta_transporte_agencia.php
123
{"response":true,"msg":"","data":{"id_agencia":"1","nombre_agencia":"Avior","rif":"J-123456789","telefono_1":"04245555555","telefono_2":"04249999999"}}
asociar_ruta_transporte_agencia.php
123
{"response":true,"msg":"","data":{"id_agencia":"1","nombre_agencia":"Avior","rif":"J-123456789","telefono_1":"04245555555","telefono_2":"04249999999"}}
asociar_ruta_transporte_agencia.php
{"response":false,"msg":"Se enviaron campos vacios","data":[]}
asociar_ruta_transporte_agencia.php
123
{"response":true,"msg":"","data":{"id_agencia":"1","nombre_agencia":"Avior","rif":"J-123456789","telefono_1":"04245555555","telefono_2":"04249999999"}}
asociar_ruta_transporte_agencia.php
{"response":false,"msg":"Se enviaron campos vacios","data":[]}
asociar_ruta_transporte_agencia.php
123
{"response":true,"msg":"","data":{"id_agencia":"1","nombre_agencia":"Avior","rif":"J-123456789","telefono_1":"04245555555","telefono_2":"04249999999"}}
asociar_ruta_transporte_agencia.php
{"response":false,"msg":"Se enviaron campos vacios","data":[]}
asociar_ruta_transporte_agencia.php
dsad
{"response":true,"msg":"","data":{"id_agencia":"1","nombre_agencia":"Avior","rif":"J-123456789","telefono_1":"04245555555","telefono_2":"04249999999"}}
añadir_ruta.php
{"response":false,"msg":"Se enviaron campos vacios","data":[]}
asociar_ruta_transporte_agencia.php
{"response":false,"msg":"Se enviaron campos vacios","data":[]}
asociar_ruta_transporte_agencia.php
dasd
{"response":true,"msg":"","data":{"id_agencia":"1","nombre_agencia":"Avior","rif":"J-123456789","telefono_1":"04245555555","telefono_2":"04249999999"}}
añadir_ruta.php
{"response":false,"msg":"Se enviaron campos vacios","data":[]}
asociar_ruta_transporte_agencia.php
sas
{"response":true,"msg":"","data":{"id_agencia":"1","nombre_agencia":"Avior","rif":"J-123456789","telefono_1":"04245555555","telefono_2":"04249999999"}}
añadir_ruta.php
{"response":false,"msg":"Se enviaron campos vacios","data":[]}
asociar_ruta_transporte_agencia.php
hgfh
{"response":true,"msg":"","data":{"id_agencia":"1","nombre_agencia":"Avior","rif":"J-123456789","telefono_1":"04245555555","telefono_2":"04249999999"}}
añadir_ruta.php
1
venezuela
carabobo
valencia
estados unidos
los angeles
california
{"response":true,"msg":"Ruta guardada","data":[]}
asociar_ruta_transporte_agencia.php
dasd
{"response":true,"msg":"","data":{"id_agencia":"1","nombre_agencia":"Avior","rif":"J-123456789","telefono_1":"04245555555","telefono_2":"04249999999"}}
asociar_ruta_transporte_agencia.php
dasd
{"response":true,"msg":"","data":{"id_agencia":"1","nombre_agencia":"Avior","rif":"J-123456789","telefono_1":"04245555555","telefono_2":"04249999999"}}
---- asociar_ruta_transporte_agencia.php ---
vxcv
{"response":true,"msg":"","data":{"id_agencia":"1","nombre_agencia":"Avior","rif":"J-123456789","telefono_1":"04245555555","telefono_2":"04249999999"}}
--- añadir_viaje.php ---

1.23
50
aereo
1
xxx123
1
{"response":true,"msg":"Viaje guardado","data":[]}
--- añadir_viaje.php ---
2018-03-30
1.23
50
aereo
1
xxx123
1
{"response":true,"msg":"Viaje guardado","data":[]}
---- asociar_ruta_transporte_agencia.php ---
dasd
{"response":true,"msg":"","data":{"id_agencia":"1","nombre_agencia":"Avior","rif":"J-123456789","telefono_1":"04245555555","telefono_2":"04249999999"}}
---- asociar_ruta_transporte_agencia.php ---
dsad
{"response":true,"msg":"","data":{"id_agencia":"1","nombre_agencia":"Avior","rif":"J-123456789","telefono_1":"04245555555","telefono_2":"04249999999"}}
---- asociar_ruta_transporte_agencia.php ---
cxzc
{"response":true,"msg":"","data":{"id_agencia":"1","nombre_agencia":"Avior","rif":"J-123456789","telefono_1":"04245555555","telefono_2":"04249999999"}}
--- añadir_viaje.php ---
{"response":false,"msg":"Se enviaron campos vacios","data":[]}
---- asociar_ruta_transporte_agencia.php ---
dsad
{"response":true,"msg":"","data":{"id_agencia":"1","nombre_agencia":"Avior","rif":"J-123456789","telefono_1":"04245555555","telefono_2":"04249999999"}}
--- añadir_viaje.php ---
2018-03-31
2.1
50
aereo
1
xxx123
1
{"response":true,"msg":"Viaje guardado","data":[]}
--- añadir_ruta.php ---
1
venezuela
carabobo
valencia
estados unidos
los angeles
california
xxx123
{"response":true,"msg":"Ruta guardada","data":[]}
---- asociar_ruta_transporte_agencia.php ---
{"response":false,"msg":"Se enviaron campos vacios","data":[]}
